<?xml version="1.0" encoding="UTF-8"?>
<!-- Generated by org.testng.reporters.JUnitXMLReporter -->
<testsuite ignored="0" hostname="DESKTOP-MLTRAJI" failures="1" tests="1" name="Default test" time="9.37" errors="0" timestamp="2024-07-30T18:11:53 IST">
  <testcase classname="io.cucumber.testng.AbstractTestNGCucumberTests" name="runScenario" time="8.216">
    <failure type="io.cucumber.java.PendingException" message="TODO: implement me">
      <![CDATA[io.cucumber.java.PendingException: TODO: implement me
at StepDefinitions.Homepage.mouse_hover_on_hello_sigin(Homepage.java:27)
at ✽.Mouse hover on Hello Sigin(file:///D:/Assignment%20parabank/CucumberFramework/src/test/resources/Features/homepage.feature:4)
]]>
    </failure>
  </testcase> <!-- runScenario -->
</testsuite> <!-- Default test -->
