<?xml version="1.0" encoding="UTF-8"?>
<testng-results ignored="0" total="1" passed="0" failed="1" skipped="0">
  <reporter-output>
  </reporter-output>
  <suite started-at="2024-07-30T18:11:43 IST" name="Default suite" finished-at="2024-07-30T18:11:53 IST" duration-ms="9370">
    <groups>
      <group name="cucumber">
        <method signature="AbstractTestNGCucumberTests.runScenario(io.cucumber.testng.PickleWrapper,io.cucumber.testng.FeatureWrapper)[pri:0, instance:RunnerClass.TestRunner@51c668e3]" name="runScenario" class="io.cucumber.testng.AbstractTestNGCucumberTests"/>
      </group> <!-- cucumber -->
    </groups>
    <test started-at="2024-07-30T18:11:43 IST" name="Default test" finished-at="2024-07-30T18:11:53 IST" duration-ms="9370">
      <class name="RunnerClass.TestRunner">
        <test-method is-config="true" signature="setUpClass(org.testng.ITestContext)[pri:0, instance:RunnerClass.TestRunner@51c668e3]" started-at="2024-07-30T18:11:43 IST" name="setUpClass" finished-at="2024-07-30T18:11:44 IST" duration-ms="854" status="PASS">
          <params>
            <param index="0">
              <value>
                <![CDATA[org.testng.TestRunner@351f2244]]>
              </value>
            </param>
          </params>
          <reporter-output>
          </reporter-output>
        </test-method> <!-- setUpClass -->
        <test-method signature="runScenario(io.cucumber.testng.PickleWrapper,io.cucumber.testng.FeatureWrapper)[pri:0, instance:RunnerClass.TestRunner@51c668e3]" started-at="2024-07-30T18:11:44 IST" name="runScenario" description="Runs Cucumber Scenarios" data-provider="scenarios" finished-at="2024-07-30T18:11:52 IST" duration-ms="8216" status="FAIL">
          <params>
            <param index="0">
              <value>
                <![CDATA["Check user landed on amazon homepage"]]>
              </value>
            </param>
            <param index="1">
              <value>
                <![CDATA["Home Pae of Amazon web application"]]>
              </value>
            </param>
          </params>
          <exception class="io.cucumber.java.PendingException">
            <message>
              <![CDATA[TODO: implement me]]>
            </message>
            <full-stacktrace>
              <![CDATA[io.cucumber.java.PendingException: TODO: implement me
at StepDefinitions.Homepage.mouse_hover_on_hello_sigin(Homepage.java:27)
at ✽.Mouse hover on Hello Sigin(file:///D:/Assignment%20parabank/CucumberFramework/src/test/resources/Features/homepage.feature:4)
]]>
            </full-stacktrace>
          </exception> <!-- io.cucumber.java.PendingException -->
          <reporter-output>
          </reporter-output>
        </test-method> <!-- runScenario -->
        <test-method is-config="true" signature="tearDownClass()[pri:0, instance:RunnerClass.TestRunner@51c668e3]" started-at="2024-07-30T18:11:52 IST" name="tearDownClass" finished-at="2024-07-30T18:11:53 IST" duration-ms="184" status="PASS">
          <reporter-output>
          </reporter-output>
        </test-method> <!-- tearDownClass -->
      </class> <!-- RunnerClass.TestRunner -->
    </test> <!-- Default test -->
  </suite> <!-- Default suite -->
</testng-results>
