<?xml version="1.0" encoding="UTF-8"?>
<!-- Generated by org.testng.reporters.JUnitReportReporter -->
<testsuite hostname="DESKTOP-MLTRAJI" failures="0" tests="1" name="RunnerClass.TestRunner" time="8.216" errors="1" timestamp="2024-07-30T18:11:53 IST" skipped="0">
  <testcase classname="RunnerClass.TestRunner" name="runScenario" time="8.216">
    <error message="TODO: implement me" type="io.cucumber.java.PendingException">
      <![CDATA[io.cucumber.java.PendingException: TODO: implement me
at StepDefinitions.Homepage.mouse_hover_on_hello_sigin(Homepage.java:27)
at ✽.Mouse hover on Hello Sigin(file:///D:/Assignment%20parabank/CucumberFramework/src/test/resources/Features/homepage.feature:4)
]]>
    </error>
  </testcase> <!-- runScenario -->
  <system-out/>
</testsuite> <!-- RunnerClass.TestRunner -->
